<?xml version="1.0" encoding="UTF-8"?>
<robot generator="Robot 7.0 (Python 3.12.3 on win32)" generated="2024-07-22T17:10:24.589044" rpa="false" schemaversion="5">
<suite id="s1" name="TestingFW" source="C:\Users\RHITAM BHATTACHARYA\Documents\Testing FW\TestingFramework\Robot_framework\TestingFW.robot">
<test id="s1-t1" name="Run Postman Collection" line="13">
<if>
<branch type="IF" condition="'${ENVIRONMENT}'">
<kw name="Run Newman with environment">
<kw name="Log" owner="BuiltIn">
<msg time="2024-07-22T17:10:25.109550" level="INFO">Collection path: 'PostmanCollections/Collection/OncoConnect_SignUp_SignIn_ConfirmSignUp_Signout.postman_collection.json'</msg>
<arg>Collection path: '${collection}'</arg>
<doc>Logs the given message with the given level.</doc>
<status status="PASS" start="2024-07-22T17:10:25.109550" elapsed="0.000000"/>
</kw>
<kw name="Log" owner="BuiltIn">
<msg time="2024-07-22T17:10:25.109550" level="INFO">Environment path: 'PostmanCollections/Environment/OncoConnect.postman_environment.json'</msg>
<arg>Environment path: '${environment}'</arg>
<doc>Logs the given message with the given level.</doc>
<status status="PASS" start="2024-07-22T17:10:25.109550" elapsed="0.000000"/>
</kw>
<kw name="Run Process" owner="Process">
<msg time="2024-07-22T17:10:25.109550" level="INFO">Starting process:
newman run PostmanCollections/Collection/OncoConnect_SignUp_SignIn_ConfirmSignUp_Signout.postman_collection.json -e PostmanCollections/Environment/OncoConnect.postman_environment.json -r json --reporter-json-export Report/JSON/newman_report.json</msg>
<msg time="2024-07-22T17:10:25.146158" level="INFO">Waiting for process to complete.</msg>
<msg time="2024-07-22T17:10:50.748609" level="INFO">Process completed.</msg>
<msg time="2024-07-22T17:10:50.748609" level="INFO">${result} = &lt;result object with rc 0&gt;</msg>
<var>${result}</var>
<arg>newman</arg>
<arg>run</arg>
<arg>${collection}</arg>
<arg>-e</arg>
<arg>${environment}</arg>
<arg>-r</arg>
<arg>json</arg>
<arg>--reporter-json-export</arg>
<arg>${json_report_path}</arg>
<arg>shell=True</arg>
<doc>Runs a process and waits for it to complete.</doc>
<status status="PASS" start="2024-07-22T17:10:25.109550" elapsed="25.639059"/>
</kw>
<kw name="Log Many" owner="BuiltIn">
<msg time="2024-07-22T17:10:50.750286" level="INFO"/>
<msg time="2024-07-22T17:10:50.751400" level="INFO"/>
<arg>${result.stdout}</arg>
<arg>${result.stderr}</arg>
<doc>Logs the given messages as separate entries using the INFO level.</doc>
<status status="PASS" start="2024-07-22T17:10:50.749218" elapsed="0.002182"/>
</kw>
<kw name="Log" owner="BuiltIn">
<msg time="2024-07-22T17:10:50.753041" level="INFO">Stdout: </msg>
<arg>Stdout: ${result.stdout}</arg>
<doc>Logs the given message with the given level.</doc>
<status status="PASS" start="2024-07-22T17:10:50.751946" elapsed="0.001095"/>
</kw>
<kw name="Log" owner="BuiltIn">
<msg time="2024-07-22T17:10:50.754131" level="INFO">Stderr: </msg>
<arg>Stderr: ${result.stderr}</arg>
<doc>Logs the given message with the given level.</doc>
<status status="PASS" start="2024-07-22T17:10:50.753041" elapsed="0.001090"/>
</kw>
<kw name="Should Be Equal As Strings" owner="BuiltIn">
<msg time="2024-07-22T17:10:50.756633" level="INFO">Argument types are:
&lt;class 'int'&gt;
&lt;class 'str'&gt;</msg>
<arg>${result.rc}</arg>
<arg>0</arg>
<doc>Fails if objects are unequal after converting them to strings.</doc>
<status status="PASS" start="2024-07-22T17:10:50.754688" elapsed="0.001945"/>
</kw>
<kw name="Log" owner="BuiltIn">
<msg time="2024-07-22T17:10:50.756633" level="INFO">Newman run completed.</msg>
<arg>Newman run completed.</arg>
<doc>Logs the given message with the given level.</doc>
<status status="PASS" start="2024-07-22T17:10:50.756633" elapsed="0.000000"/>
</kw>
<kw name="Log" owner="BuiltIn">
<msg time="2024-07-22T17:10:50.758401" level="INFO">Find the JSON report in the Reports folder.</msg>
<arg>Find the JSON report in the Reports folder.</arg>
<doc>Logs the given message with the given level.</doc>
<status status="PASS" start="2024-07-22T17:10:50.758401" elapsed="0.000000"/>
</kw>
<arg>${COLLECTION}</arg>
<arg>${ENVIRONMENT}</arg>
<arg>${JSON_REPORT_PATH}</arg>
<status status="PASS" start="2024-07-22T17:10:25.109550" elapsed="25.648851"/>
</kw>
<status status="PASS" start="2024-07-22T17:10:25.109550" elapsed="25.648851"/>
</branch>
<branch type="ELSE">
<kw name="Run Newman without environment">
<arg>${COLLECTION}</arg>
<arg>${JSON_REPORT_PATH}</arg>
<status status="NOT RUN" start="2024-07-22T17:10:50.758401" elapsed="0.000000"/>
</kw>
<status status="NOT RUN" start="2024-07-22T17:10:50.758401" elapsed="0.000000"/>
</branch>
<status status="PASS" start="2024-07-22T17:10:25.109550" elapsed="25.648851"/>
</if>
<doc>Runs the Postman collection and generates an HTML report using htmlextra reporter and a JSON report</doc>
<status status="PASS" start="2024-07-22T17:10:25.109550" elapsed="25.648851"/>
</test>
<status status="PASS" start="2024-07-22T17:10:24.589044" elapsed="26.169357"/>
</suite>
<statistics>
<total>
<stat pass="1" fail="0" skip="0">All Tests</stat>
</total>
<tag>
</tag>
<suite>
<stat pass="1" fail="0" skip="0" id="s1" name="TestingFW">TestingFW</stat>
</suite>
</statistics>
<errors>
</errors>
</robot>
